Build started 19.10.2011 20:54:12.
Project "J:\MyDocs\Код\LabelFlash\DiskT@2\Burn\Burn\Burn.vcxproj" on node 2 (build target(s)).
InitializeBuildStatus:
  Creating "Debug\Burn.unsuccessfulbuild" because "AlwaysCreate" was specified.
ClCompile:
  W:\Program Files\Microsoft Visual Studio 10.0\VC\bin\CL.exe /c /ZI /nologo /W3 /WX- /Od /Oy- /D WIN32 /D _DEBUG /D _CONSOLE /Gm /EHsc /RTC1 /MDd /GS /fp:precise /Zc:wchar_t /Zc:forScope /Fo"Debug\\" /Fd"Debug\vc100.pdb" /Gd /TC /analyze- /errorReport:prompt ..\burn.c
  burn.c
j:\mydocs\код\labelflash\diskt@2\burn\burn.c(216): warning C4244: '=' : conversion from 'double' to 'float', possible loss of data
j:\mydocs\код\labelflash\diskt@2\burn\burn.c(217): warning C4244: '=' : conversion from 'double' to 'float', possible loss of data
ManifestResourceCompile:
  All outputs are up-to-date.
Link:
  W:\Program Files\Microsoft Visual Studio 10.0\VC\bin\link.exe /ERRORREPORT:PROMPT /OUT:"J:\MyDocs\Код\LabelFlash\DiskT@2\Burn\Debug\Burn.exe" /INCREMENTAL /NOLOGO kernel32.lib user32.lib gdi32.lib winspool.lib comdlg32.lib advapi32.lib shell32.lib ole32.lib oleaut32.lib uuid.lib odbc32.lib odbccp32.lib /MANIFEST /ManifestFile:"Debug\Burn.exe.intermediate.manifest" /MANIFESTUAC:"level='asInvoker' uiAccess='false'" /DEBUG /PDB:"J:\MyDocs\Код\LabelFlash\DiskT@2\Burn\Debug\Burn.pdb" /SUBSYSTEM:CONSOLE /TLBID:1 /DYNAMICBASE /NXCOMPAT /IMPLIB:"J:\MyDocs\Код\LabelFlash\DiskT@2\Burn\Debug\Burn.lib" /MACHINE:X86 Debug\Burn.exe.embed.manifest.res
  Debug\burn.obj
Manifest:
  W:\Program Files\Microsoft SDKs\Windows\v7.0A\bin\mt.exe /nologo /verbose /out:"Debug\Burn.exe.embed.manifest" /manifest Debug\Burn.exe.intermediate.manifest
  All outputs are up-to-date.
LinkEmbedManifest:
  All outputs are up-to-date.
  Burn.vcxproj -> J:\MyDocs\Код\LabelFlash\DiskT@2\Burn\Debug\Burn.exe
FinalizeBuildStatus:
  Deleting file "Debug\Burn.unsuccessfulbuild".
  Touching "Debug\Burn.lastbuildstate".
Done Building Project "J:\MyDocs\Код\LabelFlash\DiskT@2\Burn\Burn\Burn.vcxproj" (build target(s)).

Build succeeded.

Time Elapsed 00:00:03.50
