J:\MYDOCS\Код\LABELFLASH\DISKT@2\BURN до обнаружения ошибки\BURN\DEBUG\BURN.EXE.EMBED.MANIFEST.RES
J:\MYDOCS\Код\LABELFLASH\DISKT@2\BURN до обнаружения ошибки\BURN\DEBUG\BURN.EXE.INTERMEDIATE.MANIFEST
J:\MYDOCS\Код\LABELFLASH\DISKT@2\BURN до обнаружения ошибки\BURN\DEBUG\BURN.OBJ
J:\MYDOCS\КОД\LABELFLASH\DISKT@2\BURN ДО ОБНАРУЖЕНИЯ ОШИБКИ\BURN\DEBUG\VC100.PDB
J:\MYDOCS\Код\LABELFLASH\DISKT@2\BURN до обнаружения ошибки\DEBUG\BURN.EXE
J:\MYDOCS\Код\LABELFLASH\DISKT@2\BURN до обнаружения ошибки\DEBUG\BURN.ILK
J:\MYDOCS\КОД\LABELFLASH\DISKT@2\BURN ДО ОБНАРУЖЕНИЯ ОШИБКИ\DEBUG\BURN.PDB
J:\MyDocs\Код\LabelFlash\DiskT@2\Burn\Burn\Debug\Burn.exe.embed.manifest
J:\MYDOCS\Код\LABELFLASH\DISKT@2\BURN\BURN\DEBUG\BURN.EXE.EMBED.MANIFEST.RES
J:\MYDOCS\Код\LABELFLASH\DISKT@2\BURN\BURN\DEBUG\BURN.EXE.INTERMEDIATE.MANIFEST
J:\MYDOCS\Код\LABELFLASH\DISKT@2\BURN\BURN\DEBUG\BURN.OBJ
J:\MyDocs\Код\LabelFlash\DiskT@2\Burn\Burn\Debug\Burn_manifest.rc
J:\MyDocs\Код\LabelFlash\DiskT@2\Burn\Burn\Debug\cl.command.1.tlog
J:\MyDocs\Код\LabelFlash\DiskT@2\Burn\Burn\Debug\CL.read.1.tlog
J:\MyDocs\Код\LabelFlash\DiskT@2\Burn\Burn\Debug\CL.write.1.tlog
J:\MyDocs\Код\LabelFlash\DiskT@2\Burn\Burn\Debug\link.188.read.1.tlog
J:\MyDocs\Код\LabelFlash\DiskT@2\Burn\Burn\Debug\link.188.write.1.tlog
J:\MyDocs\Код\LabelFlash\DiskT@2\Burn\Burn\Debug\link.188-cvtres.read.1.tlog
J:\MyDocs\Код\LabelFlash\DiskT@2\Burn\Burn\Debug\link.188-cvtres.write.1.tlog
J:\MyDocs\Код\LabelFlash\DiskT@2\Burn\Burn\Debug\link.1920.read.1.tlog
J:\MyDocs\Код\LabelFlash\DiskT@2\Burn\Burn\Debug\link.1920.write.1.tlog
J:\MyDocs\Код\LabelFlash\DiskT@2\Burn\Burn\Debug\link.1920-cvtres.read.1.tlog
J:\MyDocs\Код\LabelFlash\DiskT@2\Burn\Burn\Debug\link.1920-cvtres.write.1.tlog
J:\MyDocs\Код\LabelFlash\DiskT@2\Burn\Burn\Debug\link.272.read.1.tlog
J:\MyDocs\Код\LabelFlash\DiskT@2\Burn\Burn\Debug\link.272.write.1.tlog
J:\MyDocs\Код\LabelFlash\DiskT@2\Burn\Burn\Debug\link.272-cvtres.read.1.tlog
J:\MyDocs\Код\LabelFlash\DiskT@2\Burn\Burn\Debug\link.272-cvtres.write.1.tlog
J:\MyDocs\Код\LabelFlash\DiskT@2\Burn\Burn\Debug\link.2956.read.1.tlog
J:\MyDocs\Код\LabelFlash\DiskT@2\Burn\Burn\Debug\link.2956.write.1.tlog
J:\MyDocs\Код\LabelFlash\DiskT@2\Burn\Burn\Debug\link.2956-cvtres.read.1.tlog
J:\MyDocs\Код\LabelFlash\DiskT@2\Burn\Burn\Debug\link.2956-cvtres.write.1.tlog
J:\MyDocs\Код\LabelFlash\DiskT@2\Burn\Burn\Debug\link.3148.read.1.tlog
J:\MyDocs\Код\LabelFlash\DiskT@2\Burn\Burn\Debug\link.3148.write.1.tlog
J:\MyDocs\Код\LabelFlash\DiskT@2\Burn\Burn\Debug\link.3148-cvtres.read.1.tlog
J:\MyDocs\Код\LabelFlash\DiskT@2\Burn\Burn\Debug\link.3148-cvtres.write.1.tlog
J:\MyDocs\Код\LabelFlash\DiskT@2\Burn\Burn\Debug\link.356.read.1.tlog
J:\MyDocs\Код\LabelFlash\DiskT@2\Burn\Burn\Debug\link.356.write.1.tlog
J:\MyDocs\Код\LabelFlash\DiskT@2\Burn\Burn\Debug\link.356-cvtres.read.1.tlog
J:\MyDocs\Код\LabelFlash\DiskT@2\Burn\Burn\Debug\link.356-cvtres.write.1.tlog
J:\MyDocs\Код\LabelFlash\DiskT@2\Burn\Burn\Debug\link.3788.read.1.tlog
J:\MyDocs\Код\LabelFlash\DiskT@2\Burn\Burn\Debug\link.3788.write.1.tlog
J:\MyDocs\Код\LabelFlash\DiskT@2\Burn\Burn\Debug\link.3788-cvtres.read.1.tlog
J:\MyDocs\Код\LabelFlash\DiskT@2\Burn\Burn\Debug\link.3788-cvtres.write.1.tlog
J:\MyDocs\Код\LabelFlash\DiskT@2\Burn\Burn\Debug\link.command.1.tlog
J:\MyDocs\Код\LabelFlash\DiskT@2\Burn\Burn\Debug\link.read.1.tlog
J:\MyDocs\Код\LabelFlash\DiskT@2\Burn\Burn\Debug\link.write.1.tlog
J:\MyDocs\Код\LabelFlash\DiskT@2\Burn\Burn\Debug\link-cvtres.read.1.tlog
J:\MyDocs\Код\LabelFlash\DiskT@2\Burn\Burn\Debug\link-cvtres.write.1.tlog
J:\MyDocs\Код\LabelFlash\DiskT@2\Burn\Burn\Debug\mt.command.1.tlog
J:\MyDocs\Код\LabelFlash\DiskT@2\Burn\Burn\Debug\mt.read.1.tlog
J:\MyDocs\Код\LabelFlash\DiskT@2\Burn\Burn\Debug\mt.write.1.tlog
J:\MyDocs\Код\LabelFlash\DiskT@2\Burn\Burn\Debug\rc.command.1.tlog
J:\MyDocs\Код\LabelFlash\DiskT@2\Burn\Burn\Debug\rc.read.1.tlog
J:\MyDocs\Код\LabelFlash\DiskT@2\Burn\Burn\Debug\rc.write.1.tlog
J:\MyDocs\Код\LabelFlash\DiskT@2\Burn\Burn\Debug\vc100.idb
J:\MYDOCS\КОД\LABELFLASH\DISKT@2\BURN\BURN\DEBUG\VC100.PDB
J:\MYDOCS\Код\LABELFLASH\DISKT@2\BURN\DEBUG\BURN.EXE
J:\MYDOCS\Код\LABELFLASH\DISKT@2\BURN\DEBUG\BURN.ILK
J:\MYDOCS\КОД\LABELFLASH\DISKT@2\BURN\DEBUG\BURN.PDB
V:\@REVERSE\LABELFLASH\DISKT@2\BURN\BURN\DEBUG\BURN.EXE.EMBED.MANIFEST
V:\@REVERSE\LABELFLASH\DISKT@2\BURN\BURN\DEBUG\BURN.EXE.EMBED.MANIFEST.RES
V:\@REVERSE\LABELFLASH\DISKT@2\BURN\BURN\DEBUG\BURN.EXE.INTERMEDIATE.MANIFEST
V:\@REVERSE\LABELFLASH\DISKT@2\BURN\BURN\DEBUG\BURN.OBJ
V:\@REVERSE\LABELFLASH\DISKT@2\BURN\BURN\DEBUG\VC100.PDB
V:\@REVERSE\LABELFLASH\DISKT@2\BURN\DEBUG\BURN.EXE
V:\@REVERSE\LABELFLASH\DISKT@2\BURN\DEBUG\BURN.ILK
V:\@REVERSE\LABELFLASH\DISKT@2\BURN\DEBUG\BURN.PDB
