Build started 21.05.2011 17:40:38.
Project "V:\@Reverse\LabelFlash\DiskT@2\Burn\Burn\Burn.vcxproj" on node 2 (build target(s)).
PrepareForBuild:
  Creating directory "V:\@Reverse\LabelFlash\DiskT@2\Burn\Release\".
InitializeBuildStatus:
  Creating "Release\Burn.unsuccessfulbuild" because "AlwaysCreate" was specified.
ClCompile:
  c:\Program Files\Microsoft Visual Studio 10.0\VC\bin\CL.exe /c /Zi /nologo /W3 /WX- /O2 /Oi /Oy- /GL /D WIN32 /D NDEBUG /D _CONSOLE /D _UNICODE /D UNICODE /Gm- /EHsc /MD /GS /Gy /fp:precise /Zc:wchar_t /Zc:forScope /Fo"Release\\" /Fd"Release\vc100.pdb" /Gd /TC /analyze- /errorReport:prompt ..\burn.c
  burn.c
..\burn.c(211): warning C4133: 'function' : incompatible types - from 'CHAR [25]' to 'STRSAFE_LPWSTR'
..\burn.c(211): warning C4133: 'function' : incompatible types - from 'char [7]' to 'STRSAFE_LPCWSTR'
..\burn.c(216): warning C4133: 'function' : incompatible types - from 'CHAR [25]' to 'LPCWSTR'
..\burn.c(367): warning C4133: 'function' : incompatible types - from 'CHAR [80]' to 'LPWSTR'
Link:
  c:\Program Files\Microsoft Visual Studio 10.0\VC\bin\link.exe /ERRORREPORT:PROMPT /OUT:"V:\@Reverse\LabelFlash\DiskT@2\Burn\Release\Burn.exe" /INCREMENTAL:NO /NOLOGO kernel32.lib user32.lib gdi32.lib winspool.lib comdlg32.lib advapi32.lib shell32.lib ole32.lib oleaut32.lib uuid.lib odbc32.lib odbccp32.lib /MANIFEST /ManifestFile:"Release\Burn.exe.intermediate.manifest" /MANIFESTUAC:"level='asInvoker' uiAccess='false'" /DEBUG /PDB:"V:\@Reverse\LabelFlash\DiskT@2\Burn\Release\Burn.pdb" /SUBSYSTEM:CONSOLE /OPT:REF /OPT:ICF /LTCG /TLBID:1 /DYNAMICBASE /NXCOMPAT /IMPLIB:"V:\@Reverse\LabelFlash\DiskT@2\Burn\Release\Burn.lib" /MACHINE:X86 Release\burn.obj
  Generating code
  Finished generating code
  Burn.vcxproj -> V:\@Reverse\LabelFlash\DiskT@2\Burn\Release\Burn.exe
Manifest:
  c:\Program Files\Microsoft SDKs\Windows\v7.0A\bin\mt.exe /nologo /verbose /outputresource:"V:\@Reverse\LabelFlash\DiskT@2\Burn\Release\Burn.exe;#1" /manifest Release\Burn.exe.intermediate.manifest
FinalizeBuildStatus:
  Deleting file "Release\Burn.unsuccessfulbuild".
  Touching "Release\Burn.lastbuildstate".
Done Building Project "V:\@Reverse\LabelFlash\DiskT@2\Burn\Burn\Burn.vcxproj" (build target(s)).

Build succeeded.

Time Elapsed 00:00:06.17
